<?xml version="1.0" encoding="UTF-8"?>
<testng-results ignored="0" total="7" passed="7" failed="0" skipped="0">
  <reporter-output>
  </reporter-output>
  <suite started-at="2023-11-23T21:03:55 IST" name="TestNG Regression Suite" finished-at="2023-11-23T21:04:11 IST" duration-ms="16570">
    <groups>
    </groups>
    <test started-at="2023-11-23T21:03:55 IST" name="Amazone Test" finished-at="2023-11-23T21:04:11 IST" duration-ms="16524">
      <class name="TestNg_session.AmazoneTest">
        <test-method is-config="true" signature="setup(java.lang.String,java.lang.String)[pri:0, instance:TestNg_session.AmazoneTest@368247b9]" started-at="2023-11-23T21:03:55 IST" name="setup" finished-at="2023-11-23T21:04:07 IST" duration-ms="12073" status="PASS">
          <params>
            <param index="0">
              <value>
                <![CDATA[https://www.amazon.in/]]>
              </value>
            </param>
            <param index="1">
              <value>
                <![CDATA[chrome]]>
              </value>
            </param>
          </params>
          <reporter-output>
          </reporter-output>
        </test-method> <!-- setup -->
        <test-method signature="titleTest()[pri:1, instance:TestNg_session.AmazoneTest@368247b9]" started-at="2023-11-23T21:04:07 IST" name="titleTest" finished-at="2023-11-23T21:04:08 IST" duration-ms="1478" status="PASS">
          <reporter-output>
          </reporter-output>
        </test-method> <!-- titleTest -->
        <test-method signature="searchTest()[pri:2, instance:TestNg_session.AmazoneTest@368247b9]" started-at="2023-11-23T21:04:08 IST" name="searchTest" finished-at="2023-11-23T21:04:10 IST" duration-ms="1142" status="PASS">
          <reporter-output>
          </reporter-output>
        </test-method> <!-- searchTest -->
        <test-method signature="helpDisplayed()[pri:3, instance:TestNg_session.AmazoneTest@368247b9]" started-at="2023-11-23T21:04:10 IST" name="helpDisplayed" finished-at="2023-11-23T21:04:10 IST" duration-ms="288" status="PASS">
          <reporter-output>
          </reporter-output>
        </test-method> <!-- helpDisplayed -->
        <test-method is-config="true" signature="tearDown()[pri:0, instance:TestNg_session.AmazoneTest@368247b9]" started-at="2023-11-23T21:04:10 IST" name="tearDown" finished-at="2023-11-23T21:04:11 IST" duration-ms="1205" status="PASS">
          <reporter-output>
          </reporter-output>
        </test-method> <!-- tearDown -->
      </class> <!-- TestNg_session.AmazoneTest -->
    </test> <!-- Amazone Test -->
    <test started-at="2023-11-23T21:03:55 IST" name="OpenCart Test" finished-at="2023-11-23T21:04:11 IST" duration-ms="16415">
      <class name="TestNg_session.OpenCartStoreTest">
        <test-method is-config="true" signature="setup(java.lang.String,java.lang.String)[pri:0, instance:TestNg_session.OpenCartStoreTest@63376bed]" started-at="2023-11-23T21:03:55 IST" name="setup" finished-at="2023-11-23T21:04:09 IST" duration-ms="14805" status="PASS">
          <params>
            <param index="0">
              <value>
                <![CDATA[https://naveenautomationlabs.com/opencart/]]>
              </value>
            </param>
            <param index="1">
              <value>
                <![CDATA[chrome]]>
              </value>
            </param>
          </params>
          <reporter-output>
          </reporter-output>
        </test-method> <!-- setup -->
        <test-method signature="titleTest()[pri:1, instance:TestNg_session.OpenCartStoreTest@63376bed]" started-at="2023-11-23T21:04:09 IST" name="titleTest" finished-at="2023-11-23T21:04:10 IST" duration-ms="163" status="PASS">
          <reporter-output>
          </reporter-output>
        </test-method> <!-- titleTest -->
        <test-method signature="searchTest()[pri:2, instance:TestNg_session.OpenCartStoreTest@63376bed]" started-at="2023-11-23T21:04:10 IST" name="searchTest" finished-at="2023-11-23T21:04:10 IST" duration-ms="103" status="PASS">
          <reporter-output>
          </reporter-output>
        </test-method> <!-- searchTest -->
        <test-method is-config="true" signature="tearDown()[pri:0, instance:TestNg_session.OpenCartStoreTest@63376bed]" started-at="2023-11-23T21:04:10 IST" name="tearDown" finished-at="2023-11-23T21:04:11 IST" duration-ms="1320" status="PASS">
          <reporter-output>
          </reporter-output>
        </test-method> <!-- tearDown -->
      </class> <!-- TestNg_session.OpenCartStoreTest -->
    </test> <!-- OpenCart Test -->
    <test started-at="2023-11-23T21:03:55 IST" name="Google Test" finished-at="2023-11-23T21:04:11 IST" duration-ms="16569">
      <class name="TestNg_session.GoogleTest">
        <test-method is-config="true" signature="setup(java.lang.String,java.lang.String)[pri:0, instance:TestNg_session.GoogleTest@4310d43]" started-at="2023-11-23T21:03:55 IST" name="setup" finished-at="2023-11-23T21:04:09 IST" duration-ms="14380" status="PASS">
          <params>
            <param index="0">
              <value>
                <![CDATA[https://www.google.com/]]>
              </value>
            </param>
            <param index="1">
              <value>
                <![CDATA[chrome]]>
              </value>
            </param>
          </params>
          <reporter-output>
          </reporter-output>
        </test-method> <!-- setup -->
        <test-method signature="titleTest()[pri:1, instance:TestNg_session.GoogleTest@4310d43]" started-at="2023-11-23T21:04:09 IST" name="titleTest" finished-at="2023-11-23T21:04:09 IST" duration-ms="369" status="PASS">
          <reporter-output>
          </reporter-output>
        </test-method> <!-- titleTest -->
        <test-method signature="searchTest()[pri:2, instance:TestNg_session.GoogleTest@4310d43]" started-at="2023-11-23T21:04:09 IST" name="searchTest" finished-at="2023-11-23T21:04:10 IST" duration-ms="249" status="PASS">
          <reporter-output>
          </reporter-output>
        </test-method> <!-- searchTest -->
        <test-method is-config="true" signature="tearDown()[pri:0, instance:TestNg_session.GoogleTest@4310d43]" started-at="2023-11-23T21:04:10 IST" name="tearDown" finished-at="2023-11-23T21:04:11 IST" duration-ms="1531" status="PASS">
          <reporter-output>
          </reporter-output>
        </test-method> <!-- tearDown -->
      </class> <!-- TestNg_session.GoogleTest -->
    </test> <!-- Google Test -->
  </suite> <!-- TestNG Regression Suite -->
</testng-results>
