<?xml version="1.0" encoding="UTF-8"?>
<testng-results ignored="0" total="1" passed="1" failed="0" skipped="0">
  <reporter-output>
  </reporter-output>
  <suite started-at="2023-12-02T10:44:35 IST" name="Default suite" finished-at="2023-12-02T10:44:44 IST" duration-ms="9565">
    <groups>
    </groups>
    <test started-at="2023-12-02T10:44:35 IST" name="Default test" finished-at="2023-12-02T10:44:44 IST" duration-ms="9565">
      <class name="TestNg_session.FileUpload">
        <test-method is-config="true" signature="setUp()[pri:0, instance:TestNg_session.FileUpload@4fb3ee4e]" started-at="2023-12-02T10:44:35 IST" name="setUp" finished-at="2023-12-02T10:44:43 IST" duration-ms="8631" status="PASS">
          <reporter-output>
          </reporter-output>
        </test-method> <!-- setUp -->
        <test-method signature="fileUpload()[pri:0, instance:TestNg_session.FileUpload@4fb3ee4e]" started-at="2023-12-02T10:44:43 IST" name="fileUpload" finished-at="2023-12-02T10:44:44 IST" duration-ms="876" status="PASS">
          <reporter-output>
          </reporter-output>
        </test-method> <!-- fileUpload -->
      </class> <!-- TestNg_session.FileUpload -->
    </test> <!-- Default test -->
  </suite> <!-- Default suite -->
</testng-results>
