<?xml version="1.0" encoding="UTF-8"?>
<!-- Generated by org.testng.reporters.JUnitXMLReporter -->
<testsuite ignored="0" hostname="DESKTOP-V7A1CDP" failures="0" tests="3" name="Amazone Test" time="16.524" errors="0" timestamp="2023-11-23T21:04:11 IST">
  <testcase classname="TestNg_session.AmazoneTest" name="titleTest" time="1.478"/>
  <testcase classname="TestNg_session.AmazoneTest" name="searchTest" time="1.142"/>
  <testcase classname="TestNg_session.AmazoneTest" name="helpDisplayed" time="0.288"/>
</testsuite> <!-- Amazone Test -->
