<?xml version="1.0" encoding="UTF-8"?>
<!-- Generated by org.testng.reporters.JUnitXMLReporter -->
<testsuite ignored="0" hostname="DESKTOP-V7A1CDP" failures="0" tests="3" name="Amazone Test" time="32.788" errors="0" timestamp="2023-11-06T10:19:26 IST">
  <testcase classname="testngsessions.HomePageTest" name="VerifyPageTitle" time="0.126"/>
  <testcase classname="testngsessions.HomePageTest" name="VerfyHelpFiled" time="2.247"/>
  <testcase classname="testngsessions.HomePageTest" name="VerfySerachFiled" time="0.452"/>
</testsuite> <!-- Amazone Test -->
